<?xml version="1.0" encoding="UTF-8"?>
<!-- Generated by org.testng.reporters.JUnitReportReporter -->
<testsuite hostname="192.168.1.4" failures="0" tests="1" name="browsernavigations.BrowserNavigationsTest" time="9.266" errors="0" timestamp="2025-05-27T01:28:09 IST" skipped="0">
  <testcase classname="browsernavigations.BrowserNavigationsTest" name="testNavigation" time="9.266"/>
</testsuite> <!-- browsernavigations.BrowserNavigationsTest -->
