<?xml version="1.0" encoding="UTF-8"?>
<!-- Generated by org.testng.reporters.JUnitReportReporter -->
<testsuite hostname="Ankitas-MacBook-Air.local" failures="0" tests="1" name="winhandles.WindowHandleEx" time="22.428" errors="0" timestamp="2025-06-11T23:36:18 IST" skipped="0">
  <testcase classname="winhandles.WindowHandleEx" name="test" time="22.428"/>
</testsuite> <!-- winhandles.WindowHandleEx -->
