<?xml version="1.0" encoding="UTF-8"?>
<!-- Generated by org.testng.reporters.JUnitReportReporter -->
<testsuite hostname="192.168.1.6" failures="0" tests="1" name="mytests.MyTestngTest" time="10.333" errors="0" timestamp="2025-05-25T16:35:33 IST" skipped="0">
  <testcase classname="mytests.MyTestngTest" name="myFirstseleniumTest" time="10.333"/>
</testsuite> <!-- mytests.MyTestngTest -->
