<?xml version="1.0" encoding="UTF-8"?>
<!-- Generated by org.testng.reporters.JUnitReportReporter -->
<testsuite hostname="192.168.1.2" failures="0" tests="1" name="mytests.SoftwareTestExample" time="6.045" errors="0" timestamp="2025-05-30T08:53:17 IST" skipped="0">
  <testcase classname="mytests.SoftwareTestExample" name="CustomerSignin" time="6.045"/>
</testsuite> <!-- mytests.SoftwareTestExample -->
